[0.009s] Invoking command in '/home/wayay/ROS_PROJECT/build/my_robot_controller': CMAKE_PREFIX_PATH=/home/wayay/ROS_PROJECT/install/my_robot_controller:/home/wayay/ros2_ws/install/simple_interfaces:/home/wayay/ros2_ws/install/robotics_sim_project:/home/wayay/ros2_ws/install/mobile_arm_gazebo:/home/wayay/ros2_ws/install/simple_params:/home/wayay/ros2_ws/install/service_practice:/home/wayay/ros2_ws/install/robot_actions:/home/wayay/ros2_ws/install/my_first_package:/home/wayay/ros2_ws/install/fleet_manager:/home/wayay/ros2_ws/install/exercice5_ping_pong_package:/home/wayay/ros2_ws/install/exercice4_turtlecontroller_package:/home/wayay/ros2_ws/install/calculator_service:/opt/ros/humble:/home/wayay/ros2_ws/install/mobile_arm_description:/home/wayay/ros2_ws/install/mobile_arm_control:/home/wayay/ros2_ws/install/fleet_interfaces:/home/wayay/ros2_ws/install/custom_interfaces:/home/wayay/ros2_ws/install/calculator_interfaces /usr/bin/cmake --build /home/wayay/ROS_PROJECT/build/my_robot_controller -- -j6 -l6
[0.031s] Invoked command in '/home/wayay/ROS_PROJECT/build/my_robot_controller' returned '0': CMAKE_PREFIX_PATH=/home/wayay/ROS_PROJECT/install/my_robot_controller:/home/wayay/ros2_ws/install/simple_interfaces:/home/wayay/ros2_ws/install/robotics_sim_project:/home/wayay/ros2_ws/install/mobile_arm_gazebo:/home/wayay/ros2_ws/install/simple_params:/home/wayay/ros2_ws/install/service_practice:/home/wayay/ros2_ws/install/robot_actions:/home/wayay/ros2_ws/install/my_first_package:/home/wayay/ros2_ws/install/fleet_manager:/home/wayay/ros2_ws/install/exercice5_ping_pong_package:/home/wayay/ros2_ws/install/exercice4_turtlecontroller_package:/home/wayay/ros2_ws/install/calculator_service:/opt/ros/humble:/home/wayay/ros2_ws/install/mobile_arm_description:/home/wayay/ros2_ws/install/mobile_arm_control:/home/wayay/ros2_ws/install/fleet_interfaces:/home/wayay/ros2_ws/install/custom_interfaces:/home/wayay/ros2_ws/install/calculator_interfaces /usr/bin/cmake --build /home/wayay/ROS_PROJECT/build/my_robot_controller -- -j6 -l6
[0.038s] Invoking command in '/home/wayay/ROS_PROJECT/build/my_robot_controller': CMAKE_PREFIX_PATH=/home/wayay/ROS_PROJECT/install/my_robot_controller:/home/wayay/ros2_ws/install/simple_interfaces:/home/wayay/ros2_ws/install/robotics_sim_project:/home/wayay/ros2_ws/install/mobile_arm_gazebo:/home/wayay/ros2_ws/install/simple_params:/home/wayay/ros2_ws/install/service_practice:/home/wayay/ros2_ws/install/robot_actions:/home/wayay/ros2_ws/install/my_first_package:/home/wayay/ros2_ws/install/fleet_manager:/home/wayay/ros2_ws/install/exercice5_ping_pong_package:/home/wayay/ros2_ws/install/exercice4_turtlecontroller_package:/home/wayay/ros2_ws/install/calculator_service:/opt/ros/humble:/home/wayay/ros2_ws/install/mobile_arm_description:/home/wayay/ros2_ws/install/mobile_arm_control:/home/wayay/ros2_ws/install/fleet_interfaces:/home/wayay/ros2_ws/install/custom_interfaces:/home/wayay/ros2_ws/install/calculator_interfaces /usr/bin/cmake --install /home/wayay/ROS_PROJECT/build/my_robot_controller
[0.045s] -- Install configuration: ""
[0.045s] -- Up-to-date: /home/wayay/ROS_PROJECT/install/my_robot_controller/share/my_robot_controller/description
[0.046s] -- Up-to-date: /home/wayay/ROS_PROJECT/install/my_robot_controller/share/my_robot_controller/description/robot.urdf.xacro
[0.046s] -- Up-to-date: /home/wayay/ROS_PROJECT/install/my_robot_controller/share/my_robot_controller/launch
[0.046s] -- Up-to-date: /home/wayay/ROS_PROJECT/install/my_robot_controller/share/my_robot_controller/launch/launch_sim_with_ps4.launch.py
[0.046s] -- Up-to-date: /home/wayay/ROS_PROJECT/install/my_robot_controller/share/my_robot_controller/launch/launch_sim.launch.py
[0.046s] -- Up-to-date: /home/wayay/ROS_PROJECT/install/my_robot_controller/share/my_robot_controller/config
[0.046s] -- Up-to-date: /home/wayay/ROS_PROJECT/install/my_robot_controller/share/my_robot_controller/config/my_controllers.yaml
[0.046s] -- Up-to-date: /home/wayay/ROS_PROJECT/install/my_robot_controller/share/my_robot_controller/worlds
[0.046s] -- Up-to-date: /home/wayay/ROS_PROJECT/install/my_robot_controller/share/my_robot_controller/worlds/my_world.world
[0.046s] -- Up-to-date: /home/wayay/ROS_PROJECT/install/my_robot_controller/share/my_robot_controller/models
[0.046s] -- Up-to-date: /home/wayay/ROS_PROJECT/install/my_robot_controller/share/my_robot_controller/models/my_map.stl
[0.046s] -- Installing: /home/wayay/ROS_PROJECT/install/my_robot_controller/lib/my_robot_controller/ps4_controller.py
[0.047s] -- Up-to-date: /home/wayay/ROS_PROJECT/install/my_robot_controller/lib/my_robot_controller/simple_arm_control.py
[0.047s] -- Up-to-date: /home/wayay/ROS_PROJECT/install/my_robot_controller/share/ament_index/resource_index/package_run_dependencies/my_robot_controller
[0.047s] -- Up-to-date: /home/wayay/ROS_PROJECT/install/my_robot_controller/share/ament_index/resource_index/parent_prefix_path/my_robot_controller
[0.047s] -- Up-to-date: /home/wayay/ROS_PROJECT/install/my_robot_controller/share/my_robot_controller/environment/ament_prefix_path.sh
[0.047s] -- Up-to-date: /home/wayay/ROS_PROJECT/install/my_robot_controller/share/my_robot_controller/environment/ament_prefix_path.dsv
[0.047s] -- Up-to-date: /home/wayay/ROS_PROJECT/install/my_robot_controller/share/my_robot_controller/environment/path.sh
[0.047s] -- Up-to-date: /home/wayay/ROS_PROJECT/install/my_robot_controller/share/my_robot_controller/environment/path.dsv
[0.047s] -- Up-to-date: /home/wayay/ROS_PROJECT/install/my_robot_controller/share/my_robot_controller/local_setup.bash
[0.047s] -- Up-to-date: /home/wayay/ROS_PROJECT/install/my_robot_controller/share/my_robot_controller/local_setup.sh
[0.047s] -- Up-to-date: /home/wayay/ROS_PROJECT/install/my_robot_controller/share/my_robot_controller/local_setup.zsh
[0.047s] -- Up-to-date: /home/wayay/ROS_PROJECT/install/my_robot_controller/share/my_robot_controller/local_setup.dsv
[0.047s] -- Installing: /home/wayay/ROS_PROJECT/install/my_robot_controller/share/my_robot_controller/package.dsv
[0.047s] -- Up-to-date: /home/wayay/ROS_PROJECT/install/my_robot_controller/share/ament_index/resource_index/packages/my_robot_controller
[0.047s] -- Up-to-date: /home/wayay/ROS_PROJECT/install/my_robot_controller/share/my_robot_controller/cmake/my_robot_controllerConfig.cmake
[0.047s] -- Up-to-date: /home/wayay/ROS_PROJECT/install/my_robot_controller/share/my_robot_controller/cmake/my_robot_controllerConfig-version.cmake
[0.047s] -- Up-to-date: /home/wayay/ROS_PROJECT/install/my_robot_controller/share/my_robot_controller/package.xml
[0.048s] Invoked command in '/home/wayay/ROS_PROJECT/build/my_robot_controller' returned '0': CMAKE_PREFIX_PATH=/home/wayay/ROS_PROJECT/install/my_robot_controller:/home/wayay/ros2_ws/install/simple_interfaces:/home/wayay/ros2_ws/install/robotics_sim_project:/home/wayay/ros2_ws/install/mobile_arm_gazebo:/home/wayay/ros2_ws/install/simple_params:/home/wayay/ros2_ws/install/service_practice:/home/wayay/ros2_ws/install/robot_actions:/home/wayay/ros2_ws/install/my_first_package:/home/wayay/ros2_ws/install/fleet_manager:/home/wayay/ros2_ws/install/exercice5_ping_pong_package:/home/wayay/ros2_ws/install/exercice4_turtlecontroller_package:/home/wayay/ros2_ws/install/calculator_service:/opt/ros/humble:/home/wayay/ros2_ws/install/mobile_arm_description:/home/wayay/ros2_ws/install/mobile_arm_control:/home/wayay/ros2_ws/install/fleet_interfaces:/home/wayay/ros2_ws/install/custom_interfaces:/home/wayay/ros2_ws/install/calculator_interfaces /usr/bin/cmake --install /home/wayay/ROS_PROJECT/build/my_robot_controller
