-- Install configuration: ""
-- Up-to-date: /home/wayay/ROS_PROJECT/install/my_robot_controller/share/my_robot_controller/description
-- Up-to-date: /home/wayay/ROS_PROJECT/install/my_robot_controller/share/my_robot_controller/description/robot.urdf.xacro
-- Up-to-date: /home/wayay/ROS_PROJECT/install/my_robot_controller/share/my_robot_controller/launch
-- Up-to-date: /home/wayay/ROS_PROJECT/install/my_robot_controller/share/my_robot_controller/launch/launch_sim.launch.py
-- Up-to-date: /home/wayay/ROS_PROJECT/install/my_robot_controller/share/my_robot_controller/config
-- Up-to-date: /home/wayay/ROS_PROJECT/install/my_robot_controller/share/my_robot_controller/config/my_controllers.yaml
-- Up-to-date: /home/wayay/ROS_PROJECT/install/my_robot_controller/share/my_robot_controller/worlds
-- Installing: /home/wayay/ROS_PROJECT/install/my_robot_controller/share/my_robot_controller/worlds/my_world.world
-- Up-to-date: /home/wayay/ROS_PROJECT/install/my_robot_controller/share/my_robot_controller/models
-- Installing: /home/wayay/ROS_PROJECT/install/my_robot_controller/share/my_robot_controller/models/my_map.stl
-- Up-to-date: /home/wayay/ROS_PROJECT/install/my_robot_controller/share/ament_index/resource_index/package_run_dependencies/my_robot_controller
-- Up-to-date: /home/wayay/ROS_PROJECT/install/my_robot_controller/share/ament_index/resource_index/parent_prefix_path/my_robot_controller
-- Up-to-date: /home/wayay/ROS_PROJECT/install/my_robot_controller/share/my_robot_controller/environment/ament_prefix_path.sh
-- Up-to-date: /home/wayay/ROS_PROJECT/install/my_robot_controller/share/my_robot_controller/environment/ament_prefix_path.dsv
-- Up-to-date: /home/wayay/ROS_PROJECT/install/my_robot_controller/share/my_robot_controller/environment/path.sh
-- Up-to-date: /home/wayay/ROS_PROJECT/install/my_robot_controller/share/my_robot_controller/environment/path.dsv
-- Up-to-date: /home/wayay/ROS_PROJECT/install/my_robot_controller/share/my_robot_controller/local_setup.bash
-- Up-to-date: /home/wayay/ROS_PROJECT/install/my_robot_controller/share/my_robot_controller/local_setup.sh
-- Up-to-date: /home/wayay/ROS_PROJECT/install/my_robot_controller/share/my_robot_controller/local_setup.zsh
-- Up-to-date: /home/wayay/ROS_PROJECT/install/my_robot_controller/share/my_robot_controller/local_setup.dsv
-- Up-to-date: /home/wayay/ROS_PROJECT/install/my_robot_controller/share/my_robot_controller/package.dsv
-- Up-to-date: /home/wayay/ROS_PROJECT/install/my_robot_controller/share/ament_index/resource_index/packages/my_robot_controller
-- Up-to-date: /home/wayay/ROS_PROJECT/install/my_robot_controller/share/my_robot_controller/cmake/my_robot_controllerConfig.cmake
-- Up-to-date: /home/wayay/ROS_PROJECT/install/my_robot_controller/share/my_robot_controller/cmake/my_robot_controllerConfig-version.cmake
-- Up-to-date: /home/wayay/ROS_PROJECT/install/my_robot_controller/share/my_robot_controller/package.xml
