[0.008s] Invoking command in '/home/wayay/ROS_PROJECT/build/my_robot_controller': CMAKE_PREFIX_PATH=/home/wayay/ros2_ws/install/simple_interfaces:/home/wayay/ros2_ws/install/robotics_sim_project:/home/wayay/ros2_ws/install/mobile_arm_gazebo:/home/wayay/ros2_ws/install/simple_params:/home/wayay/ros2_ws/install/service_practice:/home/wayay/ros2_ws/install/robot_actions:/home/wayay/ros2_ws/install/my_first_package:/home/wayay/ros2_ws/install/fleet_manager:/home/wayay/ros2_ws/install/exercice5_ping_pong_package:/home/wayay/ros2_ws/install/exercice4_turtlecontroller_package:/home/wayay/ros2_ws/install/calculator_service:/opt/ros/humble:/home/wayay/ros2_ws/install/mobile_arm_description:/home/wayay/ros2_ws/install/mobile_arm_control:/home/wayay/ros2_ws/install/fleet_interfaces:/home/wayay/ros2_ws/install/custom_interfaces:/home/wayay/ros2_ws/install/calculator_interfaces /usr/bin/cmake /home/wayay/ROS_PROJECT/src/my_robot_controller -DCMAKE_INSTALL_PREFIX=/home/wayay/ROS_PROJECT/install/my_robot_controller
[0.054s] -- The C compiler identification is GNU 11.4.0
[0.093s] -- The CXX compiler identification is GNU 11.4.0
[0.098s] -- Detecting C compiler ABI info
[0.152s] -- Detecting C compiler ABI info - done
[0.162s] -- Check for working C compiler: /usr/bin/cc - skipped
[0.162s] -- Detecting C compile features
[0.163s] -- Detecting C compile features - done
[0.166s] -- Detecting CXX compiler ABI info
[0.222s] -- Detecting CXX compiler ABI info - done
[0.228s] -- Check for working CXX compiler: /usr/bin/c++ - skipped
[0.228s] -- Detecting CXX compile features
[0.229s] -- Detecting CXX compile features - done
[0.231s] -- Found ament_cmake: 1.3.12 (/opt/ros/humble/share/ament_cmake/cmake)
[0.379s] -- Found Python3: /usr/bin/python3 (found version "3.10.12") found components: Interpreter 
[0.540s] -- Configuring done
[0.543s] -- Generating done
[0.545s] -- Build files have been written to: /home/wayay/ROS_PROJECT/build/my_robot_controller
[0.549s] Invoked command in '/home/wayay/ROS_PROJECT/build/my_robot_controller' returned '0': CMAKE_PREFIX_PATH=/home/wayay/ros2_ws/install/simple_interfaces:/home/wayay/ros2_ws/install/robotics_sim_project:/home/wayay/ros2_ws/install/mobile_arm_gazebo:/home/wayay/ros2_ws/install/simple_params:/home/wayay/ros2_ws/install/service_practice:/home/wayay/ros2_ws/install/robot_actions:/home/wayay/ros2_ws/install/my_first_package:/home/wayay/ros2_ws/install/fleet_manager:/home/wayay/ros2_ws/install/exercice5_ping_pong_package:/home/wayay/ros2_ws/install/exercice4_turtlecontroller_package:/home/wayay/ros2_ws/install/calculator_service:/opt/ros/humble:/home/wayay/ros2_ws/install/mobile_arm_description:/home/wayay/ros2_ws/install/mobile_arm_control:/home/wayay/ros2_ws/install/fleet_interfaces:/home/wayay/ros2_ws/install/custom_interfaces:/home/wayay/ros2_ws/install/calculator_interfaces /usr/bin/cmake /home/wayay/ROS_PROJECT/src/my_robot_controller -DCMAKE_INSTALL_PREFIX=/home/wayay/ROS_PROJECT/install/my_robot_controller
[0.551s] Invoking command in '/home/wayay/ROS_PROJECT/build/my_robot_controller': CMAKE_PREFIX_PATH=/home/wayay/ros2_ws/install/simple_interfaces:/home/wayay/ros2_ws/install/robotics_sim_project:/home/wayay/ros2_ws/install/mobile_arm_gazebo:/home/wayay/ros2_ws/install/simple_params:/home/wayay/ros2_ws/install/service_practice:/home/wayay/ros2_ws/install/robot_actions:/home/wayay/ros2_ws/install/my_first_package:/home/wayay/ros2_ws/install/fleet_manager:/home/wayay/ros2_ws/install/exercice5_ping_pong_package:/home/wayay/ros2_ws/install/exercice4_turtlecontroller_package:/home/wayay/ros2_ws/install/calculator_service:/opt/ros/humble:/home/wayay/ros2_ws/install/mobile_arm_description:/home/wayay/ros2_ws/install/mobile_arm_control:/home/wayay/ros2_ws/install/fleet_interfaces:/home/wayay/ros2_ws/install/custom_interfaces:/home/wayay/ros2_ws/install/calculator_interfaces /usr/bin/cmake --build /home/wayay/ROS_PROJECT/build/my_robot_controller -- -j6 -l6
[0.578s] Invoked command in '/home/wayay/ROS_PROJECT/build/my_robot_controller' returned '0': CMAKE_PREFIX_PATH=/home/wayay/ros2_ws/install/simple_interfaces:/home/wayay/ros2_ws/install/robotics_sim_project:/home/wayay/ros2_ws/install/mobile_arm_gazebo:/home/wayay/ros2_ws/install/simple_params:/home/wayay/ros2_ws/install/service_practice:/home/wayay/ros2_ws/install/robot_actions:/home/wayay/ros2_ws/install/my_first_package:/home/wayay/ros2_ws/install/fleet_manager:/home/wayay/ros2_ws/install/exercice5_ping_pong_package:/home/wayay/ros2_ws/install/exercice4_turtlecontroller_package:/home/wayay/ros2_ws/install/calculator_service:/opt/ros/humble:/home/wayay/ros2_ws/install/mobile_arm_description:/home/wayay/ros2_ws/install/mobile_arm_control:/home/wayay/ros2_ws/install/fleet_interfaces:/home/wayay/ros2_ws/install/custom_interfaces:/home/wayay/ros2_ws/install/calculator_interfaces /usr/bin/cmake --build /home/wayay/ROS_PROJECT/build/my_robot_controller -- -j6 -l6
[0.587s] Invoking command in '/home/wayay/ROS_PROJECT/build/my_robot_controller': CMAKE_PREFIX_PATH=/home/wayay/ros2_ws/install/simple_interfaces:/home/wayay/ros2_ws/install/robotics_sim_project:/home/wayay/ros2_ws/install/mobile_arm_gazebo:/home/wayay/ros2_ws/install/simple_params:/home/wayay/ros2_ws/install/service_practice:/home/wayay/ros2_ws/install/robot_actions:/home/wayay/ros2_ws/install/my_first_package:/home/wayay/ros2_ws/install/fleet_manager:/home/wayay/ros2_ws/install/exercice5_ping_pong_package:/home/wayay/ros2_ws/install/exercice4_turtlecontroller_package:/home/wayay/ros2_ws/install/calculator_service:/opt/ros/humble:/home/wayay/ros2_ws/install/mobile_arm_description:/home/wayay/ros2_ws/install/mobile_arm_control:/home/wayay/ros2_ws/install/fleet_interfaces:/home/wayay/ros2_ws/install/custom_interfaces:/home/wayay/ros2_ws/install/calculator_interfaces /usr/bin/cmake --install /home/wayay/ROS_PROJECT/build/my_robot_controller
[0.593s] -- Install configuration: ""
[0.593s] -- Installing: /home/wayay/ROS_PROJECT/install/my_robot_controller/share/my_robot_controller/description
[0.594s] -- Installing: /home/wayay/ROS_PROJECT/install/my_robot_controller/share/my_robot_controller/description/robot.urdf.xacro
[0.594s] -- Installing: /home/wayay/ROS_PROJECT/install/my_robot_controller/share/my_robot_controller/launch
[0.594s] -- Installing: /home/wayay/ROS_PROJECT/install/my_robot_controller/share/my_robot_controller/launch/launch_sim.launch.py
[0.594s] -- Installing: /home/wayay/ROS_PROJECT/install/my_robot_controller/share/my_robot_controller/config
[0.594s] -- Installing: /home/wayay/ROS_PROJECT/install/my_robot_controller/share/my_robot_controller/config/my_controllers.yaml
[0.594s] -- Installing: /home/wayay/ROS_PROJECT/install/my_robot_controller/share/ament_index/resource_index/package_run_dependencies/my_robot_controller
[0.594s] -- Installing: /home/wayay/ROS_PROJECT/install/my_robot_controller/share/ament_index/resource_index/parent_prefix_path/my_robot_controller
[0.594s] -- Installing: /home/wayay/ROS_PROJECT/install/my_robot_controller/share/my_robot_controller/environment/ament_prefix_path.sh
[0.595s] -- Installing: /home/wayay/ROS_PROJECT/install/my_robot_controller/share/my_robot_controller/environment/ament_prefix_path.dsv
[0.595s] -- Installing: /home/wayay/ROS_PROJECT/install/my_robot_controller/share/my_robot_controller/environment/path.sh
[0.595s] -- Installing: /home/wayay/ROS_PROJECT/install/my_robot_controller/share/my_robot_controller/environment/path.dsv
[0.595s] -- Installing: /home/wayay/ROS_PROJECT/install/my_robot_controller/share/my_robot_controller/local_setup.bash
[0.595s] -- Installing: /home/wayay/ROS_PROJECT/install/my_robot_controller/share/my_robot_controller/local_setup.sh
[0.595s] -- Installing: /home/wayay/ROS_PROJECT/install/my_robot_controller/share/my_robot_controller/local_setup.zsh
[0.595s] -- Installing: /home/wayay/ROS_PROJECT/install/my_robot_controller/share/my_robot_controller/local_setup.dsv
[0.595s] -- Installing: /home/wayay/ROS_PROJECT/install/my_robot_controller/share/my_robot_controller/package.dsv
[0.595s] -- Installing: /home/wayay/ROS_PROJECT/install/my_robot_controller/share/ament_index/resource_index/packages/my_robot_controller
[0.596s] -- Installing: /home/wayay/ROS_PROJECT/install/my_robot_controller/share/my_robot_controller/cmake/my_robot_controllerConfig.cmake
[0.596s] -- Installing: /home/wayay/ROS_PROJECT/install/my_robot_controller/share/my_robot_controller/cmake/my_robot_controllerConfig-version.cmake
[0.596s] -- Installing: /home/wayay/ROS_PROJECT/install/my_robot_controller/share/my_robot_controller/package.xml
[0.597s] Invoked command in '/home/wayay/ROS_PROJECT/build/my_robot_controller' returned '0': CMAKE_PREFIX_PATH=/home/wayay/ros2_ws/install/simple_interfaces:/home/wayay/ros2_ws/install/robotics_sim_project:/home/wayay/ros2_ws/install/mobile_arm_gazebo:/home/wayay/ros2_ws/install/simple_params:/home/wayay/ros2_ws/install/service_practice:/home/wayay/ros2_ws/install/robot_actions:/home/wayay/ros2_ws/install/my_first_package:/home/wayay/ros2_ws/install/fleet_manager:/home/wayay/ros2_ws/install/exercice5_ping_pong_package:/home/wayay/ros2_ws/install/exercice4_turtlecontroller_package:/home/wayay/ros2_ws/install/calculator_service:/opt/ros/humble:/home/wayay/ros2_ws/install/mobile_arm_description:/home/wayay/ros2_ws/install/mobile_arm_control:/home/wayay/ros2_ws/install/fleet_interfaces:/home/wayay/ros2_ws/install/custom_interfaces:/home/wayay/ros2_ws/install/calculator_interfaces /usr/bin/cmake --install /home/wayay/ROS_PROJECT/build/my_robot_controller
